{"uuid":"838ebff3-d77f-48e8-8b3e-b5f2f03b88c8","historyId":"58e474a49622503b1ccd838e78e6677f","fullName":"tests.SauceDemoE2ETest.sauceDemoTest","labels":[{"name":"package","value":"tests.SauceDemoE2ETest"},{"name":"testClass","value":"tests.SauceDemoE2ETest"},{"name":"testMethod","value":"sauceDemoTest"},{"name":"parentSuite","value":"Suite"},{"name":"suite","value":"Test"},{"name":"subSuite","value":"tests.SauceDemoE2ETest"},{"name":"host","value":"hp"},{"name":"thread","value":"31600@hp.main(1)"},{"name":"framework","value":"testng"},{"name":"language","value":"java"},{"name":"story","value":"Successful Order Placement"},{"name":"epic","value":"SauceDemo Application"},{"name":"feature","value":"End-to-End Checkout"},{"name":"severity","value":"blocker"}],"links":[],"name":"Validates the full checkout workflow from login to order confirmation.","status":"failed","statusDetails":{"known":false,"muted":false,"flaky":false,"message":"expected [THANK YOU FOR YOUR ORDER] but found [Thank you for your order!]","trace":"java.lang.AssertionError: expected [THANK YOU FOR YOUR ORDER] but found [Thank you for your order!]\r\n\tat org.testng.Assert.fail(Assert.java:111)\r\n\tat org.testng.Assert.failNotEquals(Assert.java:1590)\r\n\tat org.testng.Assert.assertEqualsImpl(Assert.java:150)\r\n\tat org.testng.Assert.assertEquals(Assert.java:132)\r\n\tat org.testng.Assert.assertEquals(Assert.java:656)\r\n\tat org.testng.Assert.assertEquals(Assert.java:666)\r\n\tat tests.SauceDemoE2ETest.finalizeOrder(SauceDemoE2ETest.java:199)\r\n\tat tests.SauceDemoE2ETest.sauceDemoTest(SauceDemoE2ETest.java:139)\r\n\tat java.base/jdk.internal.reflect.NativeMethodAccessorImpl.invoke0(Native Method)\r\n\tat java.base/jdk.internal.reflect.NativeMethodAccessorImpl.invoke(NativeMethodAccessorImpl.java:77)\r\n\tat java.base/jdk.internal.reflect.DelegatingMethodAccessorImpl.invoke(DelegatingMethodAccessorImpl.java:43)\r\n\tat java.base/java.lang.reflect.Method.invoke(Method.java:568)\r\n\tat org.testng.internal.invokers.MethodInvocationHelper.invokeMethod(MethodInvocationHelper.java:141)\r\n\tat org.testng.internal.invokers.TestInvoker.invokeMethod(TestInvoker.java:687)\r\n\tat org.testng.internal.invokers.TestInvoker.invokeTestMethod(TestInvoker.java:230)\r\n\tat org.testng.internal.invokers.MethodRunner.runInSequence(MethodRunner.java:63)\r\n\tat org.testng.internal.invokers.TestInvoker$MethodInvocationAgent.invoke(TestInvoker.java:995)\r\n\tat org.testng.internal.invokers.TestInvoker.invokeTestMethods(TestInvoker.java:203)\r\n\tat org.testng.internal.invokers.TestMethodWorker.invokeTestMethods(TestMethodWorker.java:154)\r\n\tat org.testng.internal.invokers.TestMethodWorker.run(TestMethodWorker.java:134)\r\n\tat java.base/java.util.ArrayList.forEach(ArrayList.java:1511)\r\n\tat org.testng.TestRunner.privateRun(TestRunner.java:741)\r\n\tat org.testng.TestRunner.run(TestRunner.java:616)\r\n\tat org.testng.SuiteRunner.runTest(SuiteRunner.java:421)\r\n\tat org.testng.SuiteRunner.runSequentially(SuiteRunner.java:413)\r\n\tat org.testng.SuiteRunner.privateRun(SuiteRunner.java:373)\r\n\tat org.testng.SuiteRunner.run(SuiteRunner.java:312)\r\n\tat org.testng.SuiteRunnerWorker.runSuite(SuiteRunnerWorker.java:52)\r\n\tat org.testng.SuiteRunnerWorker.run(SuiteRunnerWorker.java:95)\r\n\tat org.testng.TestNG.runSuitesSequentially(TestNG.java:1274)\r\n\tat org.testng.TestNG.runSuitesLocally(TestNG.java:1208)\r\n\tat org.testng.TestNG.runSuites(TestNG.java:1112)\r\n\tat org.testng.TestNG.run(TestNG.java:1079)\r\n\tat org.apache.maven.surefire.testng.TestNGExecutor.run(TestNGExecutor.java:308)\r\n\tat org.apache.maven.surefire.testng.TestNGXmlTestSuite.execute(TestNGXmlTestSuite.java:71)\r\n\tat org.apache.maven.surefire.testng.TestNGProvider.invoke(TestNGProvider.java:113)\r\n\tat org.apache.maven.surefire.booter.ForkedBooter.runSuitesInProcess(ForkedBooter.java:385)\r\n\tat org.apache.maven.surefire.booter.ForkedBooter.execute(ForkedBooter.java:162)\r\n\tat org.apache.maven.surefire.booter.ForkedBooter.run(ForkedBooter.java:507)\r\n\tat org.apache.maven.surefire.booter.ForkedBooter.main(ForkedBooter.java:495)\r\n"},"stage":"finished","description":"This test logs in, adds products, validates the cart, modifies it, and completes checkout.","steps":[{"name":"Navigate to the SauceDemo login page","status":"passed","stage":"finished","steps":[],"attachments":[],"parameters":[],"start":1751304056468,"stop":1751304056849},{"name":"Login with username: standard_user","status":"passed","stage":"finished","steps":[],"attachments":[],"parameters":[{"name":"page","value":"pages.LoginPage@2df65a56"},{"name":"username","value":"standard_user"},{"name":"password","value":"secret_sauce"}],"start":1751304056863,"stop":1751304057205},{"name":"Apply price filter and add two products to the cart","status":"passed","stage":"finished","steps":[],"attachments":[],"parameters":[{"name":"page","value":"pages.ProductsPage@4d518c66"}],"start":1751304057205,"stop":1751304057428},{"name":"Validate product details in the cart for Sauce Labs Onesie and Sauce Labs Bike Light","status":"passed","stage":"finished","steps":[],"attachments":[],"parameters":[{"name":"page","value":"pages.CartPage@10b8b900"},{"name":"product1","value":"Sauce Labs Onesie"},{"name":"product2","value":"Sauce Labs Bike Light"}],"start":1751304057505,"stop":1751304057599},{"name":"Remove Sauce Labs Onesie, continue shopping, and re-add the product","status":"passed","stage":"finished","steps":[],"attachments":[],"parameters":[{"name":"page","value":"pages.CartPage@10b8b900"},{"name":"productName","value":"Sauce Labs Onesie"}],"start":1751304057599,"stop":1751304057799},{"name":"Proceed from the Products page to the Checkout page","status":"passed","stage":"finished","steps":[],"attachments":[],"parameters":[{"name":"page","value":"pages.ProductsPage@2c9fdb64"}],"start":1751304057800,"stop":1751304057932},{"name":"Enter checkout information and continue","status":"passed","stage":"finished","steps":[],"attachments":[],"parameters":[{"name":"page","value":"pages.CheckoutPage@5af641d3"},{"name":"firstName","value":"Norah"},{"name":"lastName","value":"Cummings"},{"name":"zip","value":"70776-7919"}],"start":1751304058119,"stop":1751304058398},{"name":"Verify total price and finalize the order","status":"failed","statusDetails":{"known":false,"muted":false,"flaky":false,"message":"expected [THANK YOU FOR YOUR ORDER] but found [Thank you for your order!]","trace":"java.lang.AssertionError: expected [THANK YOU FOR YOUR ORDER] but found [Thank you for your order!]\r\n\tat org.testng.Assert.fail(Assert.java:111)\r\n\tat org.testng.Assert.failNotEquals(Assert.java:1590)\r\n\tat org.testng.Assert.assertEqualsImpl(Assert.java:150)\r\n\tat org.testng.Assert.assertEquals(Assert.java:132)\r\n\tat org.testng.Assert.assertEquals(Assert.java:656)\r\n\tat org.testng.Assert.assertEquals(Assert.java:666)\r\n\tat tests.SauceDemoE2ETest.finalizeOrder(SauceDemoE2ETest.java:199)\r\n\tat tests.SauceDemoE2ETest.sauceDemoTest(SauceDemoE2ETest.java:139)\r\n\tat java.base/jdk.internal.reflect.NativeMethodAccessorImpl.invoke0(Native Method)\r\n\tat java.base/jdk.internal.reflect.NativeMethodAccessorImpl.invoke(NativeMethodAccessorImpl.java:77)\r\n\tat java.base/jdk.internal.reflect.DelegatingMethodAccessorImpl.invoke(DelegatingMethodAccessorImpl.java:43)\r\n\tat java.base/java.lang.reflect.Method.invoke(Method.java:568)\r\n\tat org.testng.internal.invokers.MethodInvocationHelper.invokeMethod(MethodInvocationHelper.java:141)\r\n\tat org.testng.internal.invokers.TestInvoker.invokeMethod(TestInvoker.java:687)\r\n\tat org.testng.internal.invokers.TestInvoker.invokeTestMethod(TestInvoker.java:230)\r\n\tat org.testng.internal.invokers.MethodRunner.runInSequence(MethodRunner.java:63)\r\n\tat org.testng.internal.invokers.TestInvoker$MethodInvocationAgent.invoke(TestInvoker.java:995)\r\n\tat org.testng.internal.invokers.TestInvoker.invokeTestMethods(TestInvoker.java:203)\r\n\tat org.testng.internal.invokers.TestMethodWorker.invokeTestMethods(TestMethodWorker.java:154)\r\n\tat org.testng.internal.invokers.TestMethodWorker.run(TestMethodWorker.java:134)\r\n\tat java.base/java.util.ArrayList.forEach(ArrayList.java:1511)\r\n\tat org.testng.TestRunner.privateRun(TestRunner.java:741)\r\n\tat org.testng.TestRunner.run(TestRunner.java:616)\r\n\tat org.testng.SuiteRunner.runTest(SuiteRunner.java:421)\r\n\tat org.testng.SuiteRunner.runSequentially(SuiteRunner.java:413)\r\n\tat org.testng.SuiteRunner.privateRun(SuiteRunner.java:373)\r\n\tat org.testng.SuiteRunner.run(SuiteRunner.java:312)\r\n\tat org.testng.SuiteRunnerWorker.runSuite(SuiteRunnerWorker.java:52)\r\n\tat org.testng.SuiteRunnerWorker.run(SuiteRunnerWorker.java:95)\r\n\tat org.testng.TestNG.runSuitesSequentially(TestNG.java:1274)\r\n\tat org.testng.TestNG.runSuitesLocally(TestNG.java:1208)\r\n\tat org.testng.TestNG.runSuites(TestNG.java:1112)\r\n\tat org.testng.TestNG.run(TestNG.java:1079)\r\n\tat org.apache.maven.surefire.testng.TestNGExecutor.run(TestNGExecutor.java:308)\r\n\tat org.apache.maven.surefire.testng.TestNGXmlTestSuite.execute(TestNGXmlTestSuite.java:71)\r\n\tat org.apache.maven.surefire.testng.TestNGProvider.invoke(TestNGProvider.java:113)\r\n\tat org.apache.maven.surefire.booter.ForkedBooter.runSuitesInProcess(ForkedBooter.java:385)\r\n\tat org.apache.maven.surefire.booter.ForkedBooter.execute(ForkedBooter.java:162)\r\n\tat org.apache.maven.surefire.booter.ForkedBooter.run(ForkedBooter.java:507)\r\n\tat org.apache.maven.surefire.booter.ForkedBooter.main(ForkedBooter.java:495)\r\n"},"stage":"finished","steps":[],"attachments":[],"parameters":[{"name":"page","value":"pages.CheckoutPage@5af641d3"}],"start":1751304058398,"stop":1751304058515}],"attachments":[],"parameters":[],"start":1751304056400,"stop":1751304058517}