{"uuid":"fa91f334-0fc5-4cdd-ae66-9a4d724f140e","historyId":"58e474a49622503b1ccd838e78e6677f","fullName":"tests.SauceDemoE2ETest.sauceDemoTest","labels":[{"name":"package","value":"tests.SauceDemoE2ETest"},{"name":"testClass","value":"tests.SauceDemoE2ETest"},{"name":"testMethod","value":"sauceDemoTest"},{"name":"parentSuite","value":"Default suite"},{"name":"suite","value":"Default test"},{"name":"subSuite","value":"tests.SauceDemoE2ETest"},{"name":"host","value":"hp"},{"name":"thread","value":"7948@hp.main(1)"},{"name":"framework","value":"testng"},{"name":"language","value":"java"},{"name":"story","value":"Successful Order Placement"},{"name":"epic","value":"SauceDemo Application"},{"name":"feature","value":"End-to-End Checkout"},{"name":"severity","value":"blocker"}],"links":[],"name":"Validates the full checkout workflow from login to order confirmation.","status":"failed","statusDetails":{"known":false,"muted":false,"flaky":false,"message":"expected [THANK YOU FOR YOUR ORDER] but found [Thank you for your order!]","trace":"java.lang.AssertionError: expected [THANK YOU FOR YOUR ORDER] but found [Thank you for your order!]\r\n\tat org.testng.Assert.fail(Assert.java:110)\r\n\tat org.testng.Assert.failNotEquals(Assert.java:1577)\r\n\tat org.testng.Assert.assertEqualsImpl(Assert.java:149)\r\n\tat org.testng.Assert.assertEquals(Assert.java:131)\r\n\tat org.testng.Assert.assertEquals(Assert.java:655)\r\n\tat org.testng.Assert.assertEquals(Assert.java:665)\r\n\tat tests.SauceDemoE2ETest.finalizeOrder(SauceDemoE2ETest.java:111)\r\n\tat tests.SauceDemoE2ETest.sauceDemoTest(SauceDemoE2ETest.java:56)\r\n\tat java.base/jdk.internal.reflect.DirectMethodHandleAccessor.invoke(DirectMethodHandleAccessor.java:103)\r\n\tat java.base/java.lang.reflect.Method.invoke(Method.java:580)\r\n\tat org.testng.internal.invokers.MethodInvocationHelper.invokeMethod(MethodInvocationHelper.java:139)\r\n\tat org.testng.internal.invokers.TestInvoker.invokeMethod(TestInvoker.java:677)\r\n\tat org.testng.internal.invokers.TestInvoker.invokeTestMethod(TestInvoker.java:221)\r\n\tat org.testng.internal.invokers.MethodRunner.runInSequence(MethodRunner.java:50)\r\n\tat org.testng.internal.invokers.TestInvoker$MethodInvocationAgent.invoke(TestInvoker.java:969)\r\n\tat org.testng.internal.invokers.TestInvoker.invokeTestMethods(TestInvoker.java:194)\r\n\tat org.testng.internal.invokers.TestMethodWorker.invokeTestMethods(TestMethodWorker.java:148)\r\n\tat org.testng.internal.invokers.TestMethodWorker.run(TestMethodWorker.java:128)\r\n\tat java.base/java.util.ArrayList.forEach(ArrayList.java:1596)\r\n\tat org.testng.TestRunner.privateRun(TestRunner.java:829)\r\n\tat org.testng.TestRunner.run(TestRunner.java:602)\r\n\tat org.testng.SuiteRunner.runTest(SuiteRunner.java:437)\r\n\tat org.testng.SuiteRunner.runSequentially(SuiteRunner.java:431)\r\n\tat org.testng.SuiteRunner.privateRun(SuiteRunner.java:391)\r\n\tat org.testng.SuiteRunner.run(SuiteRunner.java:330)\r\n\tat org.testng.SuiteRunnerWorker.runSuite(SuiteRunnerWorker.java:52)\r\n\tat org.testng.SuiteRunnerWorker.run(SuiteRunnerWorker.java:95)\r\n\tat org.testng.TestNG.runSuitesSequentially(TestNG.java:1256)\r\n\tat org.testng.TestNG.runSuitesLocally(TestNG.java:1176)\r\n\tat org.testng.TestNG.runSuites(TestNG.java:1099)\r\n\tat org.testng.TestNG.run(TestNG.java:1067)\r\n\tat org.testng.remote.AbstractRemoteTestNG.run(AbstractRemoteTestNG.java:115)\r\n\tat org.testng.remote.RemoteTestNG.initAndRun(RemoteTestNG.java:293)\r\n\tat org.testng.remote.RemoteTestNG.main(RemoteTestNG.java:91)\r\n"},"stage":"finished","description":"This test logs in, adds products, validates details, modifies the cart, and completes checkout.","steps":[{"name":"Navigate to the SauceDemo login page","status":"passed","stage":"finished","steps":[],"attachments":[],"parameters":[],"start":1751352649074,"stop":1751352649489},{"name":"Login with username: standard_user","status":"passed","stage":"finished","steps":[],"attachments":[],"parameters":[{"name":"page","value":"pages.LoginPage@6c1a63f7"},{"name":"username","value":"standard_user"},{"name":"password","value":"secret_sauce"}],"start":1751352649500,"stop":1751352649828},{"name":"Apply price filter and add two products to the cart","status":"passed","stage":"finished","steps":[],"attachments":[],"parameters":[{"name":"page","value":"pages.ProductsPage@70bc9070"}],"start":1751352649828,"stop":1751352650115},{"name":"Validate product details in the cart for Sauce Labs Onesie and Sauce Labs Bike Light","status":"passed","stage":"finished","steps":[],"attachments":[],"parameters":[{"name":"page","value":"pages.CartPage@18c0f025"},{"name":"product1","value":"Sauce Labs Onesie"},{"name":"product2","value":"Sauce Labs Bike Light"}],"start":1751352650219,"stop":1751352650306},{"name":"Remove Sauce Labs Onesie, continue shopping, and re-add the product","status":"passed","stage":"finished","steps":[],"attachments":[],"parameters":[{"name":"page","value":"pages.CartPage@18c0f025"},{"name":"productName","value":"Sauce Labs Onesie"}],"start":1751352650306,"stop":1751352650536},{"name":"Proceed from the Products page to the Checkout page","status":"passed","stage":"finished","steps":[],"attachments":[],"parameters":[{"name":"page","value":"pages.ProductsPage@4693d24f"}],"start":1751352650536,"stop":1751352650686},{"name":"Enter checkout information and continue","status":"passed","stage":"finished","steps":[],"attachments":[],"parameters":[{"name":"page","value":"pages.CheckoutPage@375f276e"},{"name":"firstName","value":"Ashly"},{"name":"lastName","value":"Walter"},{"name":"zip","value":"88160"}],"start":1751352650829,"stop":1751352651093},{"name":"Verify total price and finalize the order","status":"failed","statusDetails":{"known":false,"muted":false,"flaky":false,"message":"expected [THANK YOU FOR YOUR ORDER] but found [Thank you for your order!]","trace":"java.lang.AssertionError: expected [THANK YOU FOR YOUR ORDER] but found [Thank you for your order!]\r\n\tat org.testng.Assert.fail(Assert.java:110)\r\n\tat org.testng.Assert.failNotEquals(Assert.java:1577)\r\n\tat org.testng.Assert.assertEqualsImpl(Assert.java:149)\r\n\tat org.testng.Assert.assertEquals(Assert.java:131)\r\n\tat org.testng.Assert.assertEquals(Assert.java:655)\r\n\tat org.testng.Assert.assertEquals(Assert.java:665)\r\n\tat tests.SauceDemoE2ETest.finalizeOrder(SauceDemoE2ETest.java:111)\r\n\tat tests.SauceDemoE2ETest.sauceDemoTest(SauceDemoE2ETest.java:56)\r\n\tat java.base/jdk.internal.reflect.DirectMethodHandleAccessor.invoke(DirectMethodHandleAccessor.java:103)\r\n\tat java.base/java.lang.reflect.Method.invoke(Method.java:580)\r\n\tat org.testng.internal.invokers.MethodInvocationHelper.invokeMethod(MethodInvocationHelper.java:139)\r\n\tat org.testng.internal.invokers.TestInvoker.invokeMethod(TestInvoker.java:677)\r\n\tat org.testng.internal.invokers.TestInvoker.invokeTestMethod(TestInvoker.java:221)\r\n\tat org.testng.internal.invokers.MethodRunner.runInSequence(MethodRunner.java:50)\r\n\tat org.testng.internal.invokers.TestInvoker$MethodInvocationAgent.invoke(TestInvoker.java:969)\r\n\tat org.testng.internal.invokers.TestInvoker.invokeTestMethods(TestInvoker.java:194)\r\n\tat org.testng.internal.invokers.TestMethodWorker.invokeTestMethods(TestMethodWorker.java:148)\r\n\tat org.testng.internal.invokers.TestMethodWorker.run(TestMethodWorker.java:128)\r\n\tat java.base/java.util.ArrayList.forEach(ArrayList.java:1596)\r\n\tat org.testng.TestRunner.privateRun(TestRunner.java:829)\r\n\tat org.testng.TestRunner.run(TestRunner.java:602)\r\n\tat org.testng.SuiteRunner.runTest(SuiteRunner.java:437)\r\n\tat org.testng.SuiteRunner.runSequentially(SuiteRunner.java:431)\r\n\tat org.testng.SuiteRunner.privateRun(SuiteRunner.java:391)\r\n\tat org.testng.SuiteRunner.run(SuiteRunner.java:330)\r\n\tat org.testng.SuiteRunnerWorker.runSuite(SuiteRunnerWorker.java:52)\r\n\tat org.testng.SuiteRunnerWorker.run(SuiteRunnerWorker.java:95)\r\n\tat org.testng.TestNG.runSuitesSequentially(TestNG.java:1256)\r\n\tat org.testng.TestNG.runSuitesLocally(TestNG.java:1176)\r\n\tat org.testng.TestNG.runSuites(TestNG.java:1099)\r\n\tat org.testng.TestNG.run(TestNG.java:1067)\r\n\tat org.testng.remote.AbstractRemoteTestNG.run(AbstractRemoteTestNG.java:115)\r\n\tat org.testng.remote.RemoteTestNG.initAndRun(RemoteTestNG.java:293)\r\n\tat org.testng.remote.RemoteTestNG.main(RemoteTestNG.java:91)\r\n"},"stage":"finished","steps":[],"attachments":[],"parameters":[{"name":"page","value":"pages.CheckoutPage@375f276e"}],"start":1751352651093,"stop":1751352651237}],"attachments":[],"parameters":[],"start":1751352649008,"stop":1751352651240}